#
# There is insufficient memory for the Java Runtime Environment to continue.
# Native memory allocation (mmap) failed to map 264241152 bytes for G1 virtual space
# Possible reasons:
#   The system is out of physical RAM or swap space
#   The process is running with CompressedOops enabled, and the Java Heap may be blocking the growth of the native heap
# Possible solutions:
#   Reduce memory load on the system
#   Increase physical memory or swap space
#   Check if swap backing store is full
#   Decrease Java heap size (-Xmx/-Xms)
#   Decrease number of Java threads
#   Decrease Java thread stack sizes (-Xss)
#   Set larger code cache with -XX:ReservedCodeCacheSize=
#   JVM is running with Zero Based Compressed Oops mode in which the Java heap is
#     placed in the first 32GB address space. The Java Heap base address is the
#     maximum limit for the native heap growth. Please use -XX:HeapBaseMinAddress
#     to set the Java Heap base and to place the Java Heap above 32GB virtual address.
# This output file may be truncated or incomplete.
#
#  Out of Memory Error (./open/src/hotspot/os/windows/os_windows.cpp:3321), pid=22764, tid=2632
#
# JRE version:  (15.0.2+7) (build )
# Java VM: Java HotSpot(TM) 64-Bit Server VM (15.0.2+7-27, mixed mode, sharing, tiered, compressed oops, g1 gc, windows-amd64)
# No core dump will be written. Minidumps are not enabled by default on client versions of Windows
#

---------------  S U M M A R Y ------------

Command Line: -XX:+ShowCodeDetailsInExceptionMessages cosc202.andie.Andie

Host: Intel(R) Core(TM) i7-1065G7 CPU @ 1.30GHz, 8 cores, 15G,  Windows 10 , 64 bit Build 22621 (10.0.22621.1485)
Time: Sun Apr 30 16:30:09 2023 New Zealand Standard Time elapsed time: 0.013990 seconds (0d 0h 0m 0s)

---------------  T H R E A D  ---------------

Current thread (0x000001cf8bb5fae0):  JavaThread "Unknown thread" [_thread_in_vm, id=2632, stack(0x00000081de300000,0x00000081de400000)]

Stack: [0x00000081de300000,0x00000081de400000]
Native frames: (J=compiled Java code, j=interpreted, Vv=VM code, C=native code)
V  [jvm.dll+0x62ae9a]
V  [jvm.dll+0x7817a9]
V  [jvm.dll+0x782f03]
V  [jvm.dll+0x783563]
V  [jvm.dll+0x216325]
V  [jvm.dll+0x6281d9]
V  [jvm.dll+0x61cf55]
V  [jvm.dll+0x2cffdd]
V  [jvm.dll+0x2cfe42]
V  [jvm.dll+0x2d5e1c]
V  [jvm.dll+0x32590a]
V  [jvm.dll+0x324fd4]
V  [jvm.dll+0x2a6f5a]
V  [jvm.dll+0x2a80f8]
V  [jvm.dll+0x75e241]
V  [jvm.dll+0x3341c4]
V  [jvm.dll+0x73e926]
V  [jvm.dll+0x3b7557]
V  [jvm.dll+0x3b8fe1]
C  [jli.dll+0x52fb]
C  [ucrtbase.dll+0x29363]
C  [KERNEL32.DLL+0x1269d]
C  [ntdll.dll+0x5a9f8]


---------------  P R O C E S S  ---------------

Threads class SMR info:
_java_thread_list=0x00007ffbbcf04ff0, length=0, elements={
}

Java Threads: ( => current thread )

Other Threads:
  0x000001cf8bbb1ed0 GCTaskThread "GC Thread#0" [stack: 0x00000081de400000,0x00000081de500000] [id=22700]
  0x000001cf8bbc3e10 ConcurrentGCThread "G1 Main Marker" [stack: 0x00000081de500000,0x00000081de600000] [id=19880]
  0x000001cf8bbc5220 ConcurrentGCThread "G1 Conc#0" [stack: 0x00000081de600000,0x00000081de700000] [id=15096]

[error occurred during error reporting (printing all threads), id 0xc0000005, EXCEPTION_ACCESS_VIOLATION (0xc0000005) at pc=0x00007ffbbc6f7e27]

VM state: not at safepoint (not fully initialized)

VM Mutex/Monitor currently owned by a thread:  ([mutex/lock_event])
[0x000001cf8bb5da00] Heap_lock - owner thread: 0x000001cf8bb5fae0

Heap address: 0x0000000705000000, size: 4016 MB, Compressed Oops mode: Zero based, Oop shift amount: 3
CDS archive(s) mapped at: [0x0000000000000000-0x0000000000000000-0x0000000000000000), size 0, SharedBaseAddress: 0x0000000800000000, ArchiveRelocationMode: 0.
Narrow klass base: 0x0000000000000000, Narrow klass shift: 0, Narrow klass range: 0x0

Heap:
 garbage-first heap   total 258048K, used 0K [0x0000000705000000, 0x0000000800000000)
  region size 2048K, 0 young (0K), 0 survivors (0K)
 Metaspace       used 0K, capacity 0K, committed 0K, reserved 0K
  class space    used 0K, capacity 0K, committed 0K, reserved 0K

Heap Regions: E=young(eden), S=young(survivor), O=old, HS=humongous(starts), HC=humongous(continues), CS=collection set, F=free, OA=open archive, CA=closed archive, TAMS=top-at-mark-start (previous, next)

Card table byte_map: [0x000001cfa38a0000,0x000001cfa4080000] _byte_map_base: 0x000001cfa0078000

Marking Bits (Prev, Next): (CMBitMap*) 0x000001cf8bbb3750, (CMBitMap*) 0x000001cf8bbb3790
 Prev Bits: [0x000001cfa4860000, 0x000001cfa8720000)
 Next Bits: [0x000001cfa8720000, 0x000001cfac5e0000)

GC Heap History (0 events):
No events

Deoptimization events (0 events):
No events

Classes unloaded (0 events):
No events

Classes redefined (0 events):
No events

Internal exceptions (0 events):
No events

Events (1 events):
Event: 0.008 Loaded shared library C:\Program Files\Java\jdk-15.0.2\bin\java.dll


Dynamic libraries:
0x00007ff65f180000 - 0x00007ff65f18f000 	C:\Program Files\Java\jdk-15.0.2\bin\java.exe
0x00007ffc57f70000 - 0x00007ffc58184000 	C:\WINDOWS\SYSTEM32\ntdll.dll
0x00007ffc55ea0000 - 0x00007ffc55f62000 	C:\WINDOWS\System32\KERNEL32.DLL
0x00007ffc553b0000 - 0x00007ffc5574c000 	C:\WINDOWS\System32\KERNELBASE.dll
0x00007ffc55750000 - 0x00007ffc55861000 	C:\WINDOWS\System32\ucrtbase.dll
0x00007ffc3fee0000 - 0x00007ffc3fef8000 	C:\Program Files\Java\jdk-15.0.2\bin\jli.dll
0x00007ffc57160000 - 0x00007ffc5720e000 	C:\WINDOWS\System32\ADVAPI32.dll
0x00007ffc56000000 - 0x00007ffc560a7000 	C:\WINDOWS\System32\msvcrt.dll
0x00007ffc569a0000 - 0x00007ffc56a44000 	C:\WINDOWS\System32\sechost.dll
0x00007ffc37770000 - 0x00007ffc37789000 	C:\Program Files\Java\jdk-15.0.2\bin\VCRUNTIME140.dll
0x00007ffc56730000 - 0x00007ffc56847000 	C:\WINDOWS\System32\RPCRT4.dll
0x00007ffc56f70000 - 0x00007ffc5711b000 	C:\WINDOWS\System32\USER32.dll
0x00007ffc55c30000 - 0x00007ffc55c56000 	C:\WINDOWS\System32\win32u.dll
0x00007ffc56ee0000 - 0x00007ffc56f09000 	C:\WINDOWS\System32\GDI32.dll
0x00007ffc55c60000 - 0x00007ffc55d73000 	C:\WINDOWS\System32\gdi32full.dll
0x00007ffc558e0000 - 0x00007ffc5597a000 	C:\WINDOWS\System32\msvcp_win.dll
0x00007ffc39150000 - 0x00007ffc393de000 	C:\WINDOWS\WinSxS\amd64_microsoft.windows.common-controls_6595b64144ccf1df_6.0.22621.608_none_a9444ca7c10bb01d\COMCTL32.dll
0x00007ffc474c0000 - 0x00007ffc474ca000 	C:\WINDOWS\SYSTEM32\VERSION.dll
0x00007ffc57120000 - 0x00007ffc57151000 	C:\WINDOWS\System32\IMM32.DLL
0x00007ffc4ded0000 - 0x00007ffc4dedc000 	C:\Program Files\Java\jdk-15.0.2\bin\vcruntime140_1.dll
0x00007ffbf56c0000 - 0x00007ffbf5751000 	C:\Program Files\Java\jdk-15.0.2\bin\msvcp140.dll
0x00007ffbbc440000 - 0x00007ffbbcf9e000 	C:\Program Files\Java\jdk-15.0.2\bin\server\jvm.dll
0x00007ffc56a50000 - 0x00007ffc56a58000 	C:\WINDOWS\System32\PSAPI.DLL
0x00007ffc34210000 - 0x00007ffc34219000 	C:\WINDOWS\SYSTEM32\WSOCK32.dll
0x00007ffc48ae0000 - 0x00007ffc48b14000 	C:\WINDOWS\SYSTEM32\WINMM.dll
0x00007ffc562b0000 - 0x00007ffc56321000 	C:\WINDOWS\System32\WS2_32.dll
0x00007ffc54400000 - 0x00007ffc54418000 	C:\WINDOWS\SYSTEM32\kernel.appcore.dll
0x00007ffc4ccb0000 - 0x00007ffc4ccba000 	C:\Program Files\Java\jdk-15.0.2\bin\jimage.dll
0x00007ffc52af0000 - 0x00007ffc52d1e000 	C:\WINDOWS\SYSTEM32\DBGHELP.DLL
0x00007ffc57ba0000 - 0x00007ffc57f29000 	C:\WINDOWS\System32\combase.dll
0x00007ffc56550000 - 0x00007ffc56627000 	C:\WINDOWS\System32\OLEAUT32.dll
0x00007ffc329f0000 - 0x00007ffc32a22000 	C:\WINDOWS\SYSTEM32\dbgcore.DLL
0x00007ffc55bb0000 - 0x00007ffc55c2b000 	C:\WINDOWS\System32\bcryptPrimitives.dll
0x00007ffc37460000 - 0x00007ffc37485000 	C:\Program Files\Java\jdk-15.0.2\bin\java.dll

dbghelp: loaded successfully - version: 4.0.5 - missing functions: none
symbol engine: initialized successfully - sym options: 0x614 - pdb path: .;C:\Program Files\Java\jdk-15.0.2\bin;C:\WINDOWS\SYSTEM32;C:\WINDOWS\WinSxS\amd64_microsoft.windows.common-controls_6595b64144ccf1df_6.0.22621.608_none_a9444ca7c10bb01d;C:\Program Files\Java\jdk-15.0.2\bin\server

VM Arguments:
jvm_args: -XX:+ShowCodeDetailsInExceptionMessages 
java_command: cosc202.andie.Andie
java_class_path (initial): C:\Users\magic\AppData\Roaming\Code\User\workspaceStorage\153ce0adddcd05e38cd1b4c0fdd26f23\redhat.java\jdt_ws\andie_5e6ad77e\bin;c:\Users\magic\Documents\git\andie\lib\junit-platform-console-standalone-1.9.2.jar
Launcher Type: SUN_STANDARD

[Global flags]
     intx CICompilerCount                          = 4                                         {product} {ergonomic}
     uint ConcGCThreads                            = 2                                         {product} {ergonomic}
     uint G1ConcRefinementThreads                  = 8                                         {product} {ergonomic}
   size_t G1HeapRegionSize                         = 2097152                                   {product} {ergonomic}
    uintx GCDrainStackTargetSize                   = 64                                        {product} {ergonomic}
   size_t InitialHeapSize                          = 264241152                                 {product} {ergonomic}
   size_t MarkStackSize                            = 4194304                                   {product} {ergonomic}
   size_t MaxHeapSize                              = 4211081216                                {product} {ergonomic}
   size_t MinHeapDeltaBytes                        = 2097152                                   {product} {ergonomic}
   size_t MinHeapSize                              = 8388608                                   {product} {ergonomic}
    uintx NonNMethodCodeHeapSize                   = 5839372                                {pd product} {ergonomic}
    uintx NonProfiledCodeHeapSize                  = 122909434                              {pd product} {ergonomic}
    uintx ProfiledCodeHeapSize                     = 122909434                              {pd product} {ergonomic}
    uintx ReservedCodeCacheSize                    = 251658240                              {pd product} {ergonomic}
     bool SegmentedCodeCache                       = true                                      {product} {ergonomic}
     bool ShowCodeDetailsInExceptionMessages       = true                                   {manageable} {command line}
   size_t SoftMaxHeapSize                          = 4211081216                             {manageable} {ergonomic}
     bool UseCompressedClassPointers               = true                                 {lp64_product} {ergonomic}
     bool UseCompressedOops                        = true                                 {lp64_product} {ergonomic}
     bool UseG1GC                                  = true                                      {product} {ergonomic}
     bool UseLargePagesIndividualAllocation        = false                                  {pd product} {ergonomic}

Logging:
Log output configuration:
 #0: stdout all=warning uptime,level,tags
 #1: stderr all=off uptime,level,tags

Environment Variables:
JAVA_HOME=C:\Program Files\Java\jdk-15.0.2
PATH=C:\Program Files\Microsoft\jdk-17.0.6.10-hotspot\bin;C:\Program Files\Java\jdk-15.0.2\bin;C:\WINDOWS\system32;C:\WINDOWS;C:\WINDOWS\System32\Wbem;C:\WINDOWS\System32\WindowsPowerShell\v1.0\;C:\WINDOWS\System32\OpenSSH\;C:\Program Files\Microsoft SQL Server\Client SDK\ODBC\170\Tools\Binn\;C:\Program Files (x86)\Microsoft SQL Server\150\Tools\Binn\;C:\Program Files\Microsoft SQL Server\150\Tools\Binn\;C:\Program Files\Microsoft SQL Server\150\DTS\Binn\;C:\Program Files\Azure Data Studio\bin;C:\Program Files\Calibre2\;C:\Program Files\dotnet\;C:\WINDOWS\system32;C:\WINDOWS;C:\WINDOWS\System32\Wbem;C:\WINDOWS\System32\WindowsPowerShell\v1.0\;C:\WINDOWS\System32\OpenSSH\;C:\Program Files\Git\cmd;C:\Users\magic\AppData\Local\Programs\Python\Python39\Scripts\;C:\Users\magic\AppData\Local\Programs\Python\Python39\;C:\Users\magic\AppData\Local\Microsoft\WindowsApps;;C:\Users\magic\AppData\Local\Programs\Microsoft VS Code\bin;C:\Program Files\Azure Data Studio\bin;C:\Users\magic\.dotnet\tools
USERNAME=magic
LANG=en_US.UTF-8
OS=Windows_NT
PROCESSOR_IDENTIFIER=Intel64 Family 6 Model 126 Stepping 5, GenuineIntel



---------------  S Y S T E M  ---------------

OS:
 Windows 10 , 64 bit Build 22621 (10.0.22621.1485)
OS uptime: 6 days 7:30 hours

CPU: total 8 (initial active 8) (4 cores per cpu, 2 threads per core) family 6 model 126 stepping 5 microcode 0xa0, cmov, cx8, fxsr, mmx, sse, sse2, sse3, ssse3, sse4.1, sse4.2, popcnt, vzeroupper, avx, avx2, aes, clmul, erms, 3dnowpref, lzcnt, ht, tsc, tscinvbit, bmi1, bmi2, adx, avx512f, avx512dq, avx512cd, avx512bw, avx512vl, avx512_vpopcntdq, avx512_vpclmulqdq, avx512_vbmi, avx512_vbmi2, avx512_vaes, avx512_vnni, sha, fma, clflush, clflushopt

Memory: 4k page, system-wide physical 16061M (3704M free)
TotalPageFile size 46448M (AvailPageFile size 154M)
current process WorkingSet (physical memory assigned to process): 11M, peak: 11M
current process commit charge ("private bytes"): 60M, peak: 312M

vm_info: Java HotSpot(TM) 64-Bit Server VM (15.0.2+7-27) for windows-amd64 JRE (15.0.2+7-27), built on Dec  7 2020 20:07:01 by "mach5one" with unknown MS VC++:1925

END.
